<?xml version="1.0" encoding="UTF-8"?>
<testsuites name="FormsVerification" time="21.674" tests="3" failures="0" errors="2">
   <testsuite name="FormsVerification" tests="3" failures="0" errors="2" time="21.674" timestamp="2020-01-13 12:16:09" hostname="abeerbhatti - 192.168.88.84" id="Test Suites/FormsVerification">
      <properties>
         <property name="deviceName" value=""/>
         <property name="devicePlatform" value=""/>
         <property name="logFolder" value="/Users/abeerbhatti/Katalon Studio/InsideTrack-August2019/Reports/20200113_121557/FormsVerification/20200113_121557"/>
         <property name="logFiles" value="/Users/abeerbhatti/Katalon Studio/InsideTrack-August2019/Reports/20200113_121557/FormsVerification/20200113_121557/execution0.log"/>
         <property name="attachments" value=""/>
         <property name="hostName" value="abeerbhatti - 192.168.88.84"/>
         <property name="os" value="Mac OS X 64bit"/>
         <property name="katalonVersion" value="7.2.1.1"/>
         <property name="browser" value="Chrome 79.0.3945.117"/>
         <property name="hostAddress" value="192.168.88.84"/>
         <property name="sessionId" value="93a163d87442f44aeb3a912c4ad8c14d"/>
         <property name="seleniumVersion" value="3.141.59"/>
         <property name="proxyInformation" value="ProxyInformation{proxyOption=NO_PROXY, proxyServerType=HTTP, password=, proxyServerAddress=, proxyServerPort=0, executionList=}"/>
         <property name="platform" value="Mac OS X"/>
      </properties>
      <testcase name="Test Cases/requestRegisterationLink" time="13.119" classname="Test Cases/requestRegisterationLink" status="PASSED">
         <system-out><![CDATA[2020-01-13 12:16:10 - [TEST_CASE][PASSED] - Test Cases/requestRegisterationLink: Test Cases/requestRegisterationLink

2020-01-13 12:16:10 - [TEST_STEP][PASSED] - openBrowser("https://uptime-test-new.wisegateit.com/member/login/auth"): Browser is opened with url: 'https://uptime-test-new.wisegateit.com/member/login/auth'

2020-01-13 12:16:10 - [MESSAGE][INFO] - Starting 'Chrome' driver

2020-01-13 12:16:11 - [MESSAGE][INFO] - Action delay is set to 0 seconds

2020-01-13 12:16:16 - [MESSAGE][PASSED] - Browser is opened with url: 'https://uptime-test-new.wisegateit.com/member/login/auth'

2020-01-13 12:16:16 - [TEST_STEP][PASSED] - click(findTestObject("RequestRegistrationLink/requestRegisterationLink")): Object: 'Object Repository/RequestRegistrationLink/requestRegisterationLink' is clicked on

2020-01-13 12:16:17 - [MESSAGE][PASSED] - Object: 'Object Repository/RequestRegistrationLink/requestRegisterationLink' is clicked on

2020-01-13 12:16:17 - [TEST_STEP][PASSED] - verifyTextPresent("Request Your Personal Registration Link!", false): Text 'Request Your Personal Registration Link!' is present on page 

2020-01-13 12:16:17 - [MESSAGE][PASSED] - Text 'Request Your Personal Registration Link!' is present on page 

2020-01-13 12:16:17 - [TEST_STEP][PASSED] - setText(findTestObject("RequestRegistrationLink/name"), "Test Name A"): Text 'Test Name A' is set on object 'Object Repository/RequestRegistrationLink/name'

2020-01-13 12:16:18 - [MESSAGE][PASSED] - Text 'Test Name A' is set on object 'Object Repository/RequestRegistrationLink/name'

2020-01-13 12:16:18 - [TEST_STEP][PASSED] - setText(findTestObject("RequestRegistrationLink/email"), "abeer.bhatti+TestNameA@conradlabs.com"): Text 'abeer.bhatti+TestNameA@conradlabs.com' is set on object 'Object Repository/RequestRegistrationLink/email'

2020-01-13 12:16:18 - [MESSAGE][PASSED] - Text 'abeer.bhatti+TestNameA@conradlabs.com' is set on object 'Object Repository/RequestRegistrationLink/email'

2020-01-13 12:16:18 - [TEST_STEP][PASSED] - setText(findTestObject("RequestRegistrationLink/title"), "Title for Test Name A"): Text 'Title for Test Name A' is set on object 'Object Repository/RequestRegistrationLink/title'

2020-01-13 12:16:19 - [MESSAGE][PASSED] - Text 'Title for Test Name A' is set on object 'Object Repository/RequestRegistrationLink/title'

2020-01-13 12:16:19 - [TEST_STEP][PASSED] - setText(findTestObject("RequestRegistrationLink/company"), "Company for Test Name A"): Text 'Company for Test Name A' is set on object 'Object Repository/RequestRegistrationLink/company'

2020-01-13 12:16:20 - [MESSAGE][PASSED] - Text 'Company for Test Name A' is set on object 'Object Repository/RequestRegistrationLink/company'

2020-01-13 12:16:20 - [TEST_STEP][PASSED] - expectedPlaceholder = "Please send my registration link for Uptime Institute.": null

2020-01-13 12:16:20 - [TEST_STEP][PASSED] - placeholder = getText(findTestObject("RequestRegistrationLink/message")): Text of object 'Object Repository/RequestRegistrationLink/message' is: 'Please send my registration link for Uptime Institute.'

2020-01-13 12:16:20 - [MESSAGE][PASSED] - Text of object 'Object Repository/RequestRegistrationLink/message' is: 'Please send my registration link for Uptime Institute.'

2020-01-13 12:16:20 - [TEST_STEP][PASSED] - if (expectedPlaceholder != placeholder): null

2020-01-13 12:16:20 - [TEST_STEP][PASSED] - verifyTextPresent("Or, call Member Services at (240) 200-3987", false): Text 'Or, call Member Services at (240) 200-3987' is present on page 

2020-01-13 12:16:20 - [MESSAGE][PASSED] - Text 'Or, call Member Services at (240) 200-3987' is present on page 

2020-01-13 12:16:20 - [TEST_STEP][PASSED] - click(findTestObject("RequestRegistrationLink/submitBtn")): Object: 'Object Repository/RequestRegistrationLink/submitBtn' is clicked on

2020-01-13 12:16:22 - [MESSAGE][PASSED] - Object: 'Object Repository/RequestRegistrationLink/submitBtn' is clicked on

2020-01-13 12:16:22 - [TEST_STEP][PASSED] - verifyElementPresent(findTestObject("RequestRegistrationLink/successRegistrationLink"), 2): Object 'Object Repository/RequestRegistrationLink/successRegistrationLink' is present

2020-01-13 12:16:23 - [MESSAGE][PASSED] - Object 'Object Repository/RequestRegistrationLink/successRegistrationLink' is present]]></system-out>
         <system-err><![CDATA[]]></system-err>
      </testcase>
      <testcase name="Test Cases/feedbackForm" time="4.005" classname="Test Cases/feedbackForm" status="ERROR">
         <error type="ERROR" message="Test Cases/feedbackForm FAILED.
Reason:
org.codehaus.groovy.runtime.metaclass.MissingMethodExceptionNoStack: No signature of method: personas.userPersonas.loginUptimeGeneralUser() is applicable for argument types: () values: []
Possible solutions: loginUptimeExternalUser()
"/>
         <system-out><![CDATA[2020-01-13 12:16:23 - [TEST_CASE][ERROR] - Test Cases/feedbackForm: Test Cases/feedbackForm FAILED.
Reason:
org.codehaus.groovy.runtime.metaclass.MissingMethodExceptionNoStack: No signature of method: personas.userPersonas.loginUptimeGeneralUser() is applicable for argument types: () values: []
Possible solutions: loginUptimeExternalUser()


2020-01-13 12:16:23 - [TEST_STEP][PASSED] - openBrowser("https://uptime-test-new.wisegateit.com/member/login/auth"): Browser is opened with url: 'https://uptime-test-new.wisegateit.com/member/login/auth'

2020-01-13 12:16:23 - [MESSAGE][WARNING] - A browser is already opened. Closing browser and opening a new one

2020-01-13 12:16:23 - [MESSAGE][INFO] - Starting 'Chrome' driver

2020-01-13 12:16:27 - [MESSAGE][PASSED] - Browser is opened with url: 'https://uptime-test-new.wisegateit.com/member/login/auth'

2020-01-13 12:16:27 - [TEST_STEP][ERROR] - personas.userPersonas.loginUptimeGeneralUser(): No signature of method: personas.userPersonas.loginUptimeGeneralUser() is applicable for argument types: () values: []
Possible solutions: loginUptimeExternalUser()

2020-01-13 12:16:27 - [MESSAGE][ERROR] - No signature of method: personas.userPersonas.loginUptimeGeneralUser() is applicable for argument types: () values: []
Possible solutions: loginUptimeExternalUser()]]></system-out>
         <system-err><![CDATA[2020-01-13 12:16:23 - [TEST_CASE][ERROR] - Test Cases/feedbackForm: Test Cases/feedbackForm FAILED.
Reason:
org.codehaus.groovy.runtime.metaclass.MissingMethodExceptionNoStack: No signature of method: personas.userPersonas.loginUptimeGeneralUser() is applicable for argument types: () values: []
Possible solutions: loginUptimeExternalUser()]]></system-err>
      </testcase>
      <testcase name="Test Cases/referYourColleague" time="4.042" classname="Test Cases/referYourColleague" status="ERROR">
         <error type="ERROR" message="Test Cases/referYourColleague FAILED.
Reason:
org.codehaus.groovy.runtime.metaclass.MissingMethodExceptionNoStack: No signature of method: personas.userPersonas.loginUptimeGeneralUser() is applicable for argument types: () values: []
Possible solutions: loginUptimeExternalUser()
"/>
         <system-out><![CDATA[2020-01-13 12:16:27 - [TEST_CASE][ERROR] - Test Cases/referYourColleague: Test Cases/referYourColleague FAILED.
Reason:
org.codehaus.groovy.runtime.metaclass.MissingMethodExceptionNoStack: No signature of method: personas.userPersonas.loginUptimeGeneralUser() is applicable for argument types: () values: []
Possible solutions: loginUptimeExternalUser()


2020-01-13 12:16:27 - [TEST_STEP][PASSED] - openBrowser("https://uptime-test-new.wisegateit.com/member/login/auth"): Browser is opened with url: 'https://uptime-test-new.wisegateit.com/member/login/auth'

2020-01-13 12:16:27 - [MESSAGE][WARNING] - A browser is already opened. Closing browser and opening a new one

2020-01-13 12:16:27 - [MESSAGE][INFO] - Starting 'Chrome' driver

2020-01-13 12:16:31 - [MESSAGE][PASSED] - Browser is opened with url: 'https://uptime-test-new.wisegateit.com/member/login/auth'

2020-01-13 12:16:31 - [TEST_STEP][ERROR] - personas.userPersonas.loginUptimeGeneralUser(): No signature of method: personas.userPersonas.loginUptimeGeneralUser() is applicable for argument types: () values: []
Possible solutions: loginUptimeExternalUser()

2020-01-13 12:16:31 - [MESSAGE][ERROR] - No signature of method: personas.userPersonas.loginUptimeGeneralUser() is applicable for argument types: () values: []
Possible solutions: loginUptimeExternalUser()]]></system-out>
         <system-err><![CDATA[2020-01-13 12:16:27 - [TEST_CASE][ERROR] - Test Cases/referYourColleague: Test Cases/referYourColleague FAILED.
Reason:
org.codehaus.groovy.runtime.metaclass.MissingMethodExceptionNoStack: No signature of method: personas.userPersonas.loginUptimeGeneralUser() is applicable for argument types: () values: []
Possible solutions: loginUptimeExternalUser()]]></system-err>
      </testcase>
      <system-out><![CDATA[2020-01-13 12:16:09 - [TEST_SUITE][ERROR] - FormsVerification: Test Cases/feedbackForm FAILED.
Reason:
org.codehaus.groovy.runtime.metaclass.MissingMethodExceptionNoStack: No signature of method: personas.userPersonas.loginUptimeGeneralUser() is applicable for argument types: () values: []
Possible solutions: loginUptimeExternalUser()]]></system-out>
      <system-err><![CDATA[2020-01-13 12:16:09 - [TEST_SUITE][ERROR] - FormsVerification: Test Cases/feedbackForm FAILED.
Reason:
org.codehaus.groovy.runtime.metaclass.MissingMethodExceptionNoStack: No signature of method: personas.userPersonas.loginUptimeGeneralUser() is applicable for argument types: () values: []
Possible solutions: loginUptimeExternalUser()]]></system-err>
   </testsuite>
</testsuites>
